producer_class	xtools.gsea.GseaPreranked
producer_timestamp	1585162663644
param	rpt_label	full_genes
param	rnd_seed	timestamp
param	set_min	15
param	zip_report	false
param	create_svgs	false
param	scoring_scheme	weighted
param	rnk	E:\4th_year\BCB420\student_sealigu\data\GSE41816_rank_genes.rnk
param	norm	meandiv
param	out	C:\Users\nico\gsea_home\output\mar25
param	mode	Max_probe
param	include_only_symbols	true
param	help	false
param	set_max	200
param	gmx	E:\4th_year\BCB420 Docker\cytoscape\Supplementary_Table3_Human_GOBP_AllPathways_no_GO_iea_July_01_2017_symbol.gmt
param	make_sets	true
param	plot_top_x	20
param	gui	false
param	nperm	1000
param	collapse	No_Collapse

file	C:\Users\nico\gsea_home\output\mar25\full_genes.GseaPreranked.1585162663644\index.html
